<?xml version="1.0" encoding="UTF-8"?>
<testng-results ignored="0" total="1" passed="1" failed="0" skipped="0">
  <reporter-output>
  </reporter-output>
  <suite started-at="2021-12-13T19:01:34 IST" name="Suite" finished-at="2021-12-13T19:01:52 IST" duration-ms="18037">
    <groups>
    </groups>
    <test started-at="2021-12-13T19:01:34 IST" name="Test" finished-at="2021-12-13T19:01:52 IST" duration-ms="18037">
      <class name="com.automation.testcases.LoginTests">
        <test-method is-config="true" signature="getExcelData()[pri:0, instance:com.automation.testcases.LoginTests@19d481b]" started-at="2021-12-13T19:01:34 IST" name="getExcelData" finished-at="2021-12-13T19:01:34 IST" duration-ms="558" status="PASS">
          <reporter-output>
          </reporter-output>
        </test-method> <!-- getExcelData -->
        <test-method is-config="true" signature="setUp()[pri:0, instance:com.automation.testcases.LoginTests@19d481b]" started-at="2021-12-13T19:01:34 IST" name="setUp" finished-at="2021-12-13T19:01:43 IST" duration-ms="8611" status="PASS">
          <reporter-output>
          </reporter-output>
        </test-method> <!-- setUp -->
        <test-method signature="loginApp()[pri:0, instance:com.automation.testcases.LoginTests@19d481b]" started-at="2021-12-13T19:01:43 IST" name="loginApp" finished-at="2021-12-13T19:01:51 IST" duration-ms="7710" status="PASS">
          <reporter-output>
          </reporter-output>
        </test-method> <!-- loginApp -->
        <test-method is-config="true" signature="tearDownMethod(org.testng.ITestResult)[pri:0, instance:com.automation.testcases.LoginTests@19d481b]" started-at="2021-12-13T19:01:51 IST" name="tearDownMethod" finished-at="2021-12-13T19:01:51 IST" duration-ms="820" status="PASS">
          <params>
            <param index="0">
              <value>
                <![CDATA[[TestResult name=loginApp status=SUCCESS method=LoginTests.loginApp()[pri:0, instance:com.automation.testcases.LoginTests@19d481b] output={null}]]]>
              </value>
            </param>
          </params>
          <reporter-output>
          </reporter-output>
        </test-method> <!-- tearDownMethod -->
        <test-method is-config="true" signature="tearDown()[pri:0, instance:com.automation.testcases.LoginTests@19d481b]" started-at="2021-12-13T19:01:51 IST" name="tearDown" finished-at="2021-12-13T19:01:52 IST" duration-ms="842" status="PASS">
          <reporter-output>
          </reporter-output>
        </test-method> <!-- tearDown -->
      </class> <!-- com.automation.testcases.LoginTests -->
    </test> <!-- Test -->
  </suite> <!-- Suite -->
</testng-results>
