<?xml version="1.0" encoding="UTF-8"?>
<testng-results ignored="0" total="1" passed="1" failed="0" skipped="0">
  <reporter-output>
  </reporter-output>
  <suite started-at="2021-12-13T18:50:37 IST" name="Suite" finished-at="2021-12-13T18:50:56 IST" duration-ms="19208">
    <groups>
    </groups>
    <test started-at="2021-12-13T18:50:37 IST" name="Test" finished-at="2021-12-13T18:50:56 IST" duration-ms="19208">
      <class name="com.automation.testcases.LoginTests">
        <test-method is-config="true" signature="getExcelData()[pri:0, instance:com.automation.testcases.LoginTests@4e7912d8]" started-at="2021-12-13T18:50:36 IST" name="getExcelData" finished-at="2021-12-13T18:50:37 IST" duration-ms="547" status="PASS">
          <reporter-output>
          </reporter-output>
        </test-method> <!-- getExcelData -->
        <test-method is-config="true" signature="setUp()[pri:0, instance:com.automation.testcases.LoginTests@4e7912d8]" started-at="2021-12-13T18:50:37 IST" name="setUp" finished-at="2021-12-13T18:50:46 IST" duration-ms="8715" status="PASS">
          <reporter-output>
          </reporter-output>
        </test-method> <!-- setUp -->
        <test-method signature="loginApp()[pri:0, instance:com.automation.testcases.LoginTests@4e7912d8]" started-at="2021-12-13T18:50:46 IST" name="loginApp" finished-at="2021-12-13T18:50:55 IST" duration-ms="8952" status="PASS">
          <reporter-output>
          </reporter-output>
        </test-method> <!-- loginApp -->
        <test-method is-config="true" signature="tearDownMethod(org.testng.ITestResult)[pri:0, instance:com.automation.testcases.LoginTests@4e7912d8]" started-at="2021-12-13T18:50:55 IST" name="tearDownMethod" finished-at="2021-12-13T18:50:55 IST" duration-ms="644" status="PASS">
          <params>
            <param index="0">
              <value>
                <![CDATA[[TestResult name=loginApp status=SUCCESS method=LoginTests.loginApp()[pri:0, instance:com.automation.testcases.LoginTests@4e7912d8] output={null}]]]>
              </value>
            </param>
          </params>
          <reporter-output>
          </reporter-output>
        </test-method> <!-- tearDownMethod -->
        <test-method is-config="true" signature="tearDown()[pri:0, instance:com.automation.testcases.LoginTests@4e7912d8]" started-at="2021-12-13T18:50:55 IST" name="tearDown" finished-at="2021-12-13T18:50:56 IST" duration-ms="851" status="PASS">
          <reporter-output>
          </reporter-output>
        </test-method> <!-- tearDown -->
      </class> <!-- com.automation.testcases.LoginTests -->
    </test> <!-- Test -->
  </suite> <!-- Suite -->
</testng-results>
